<?xml version="1.0" encoding="UTF-8"?>
<!-- Generated by org.testng.reporters.JUnitReportReporter -->
<testsuite hostname="LAPTOP-LMIRTC1U" failures="0" tests="1" name="testcodes.sample" time="0.014" errors="0" timestamp="2020-10-06T15:11:42 IST" skipped="0">
  <testcase classname="testcodes.sample" name="example" time="0.014"/>
  <system-out/>
</testsuite> <!-- testcodes.sample -->
