<?xml version="1.0" encoding="UTF-8"?>
<!-- Generated by org.testng.reporters.JUnitReportReporter -->
<testsuite hostname="LAPTOP-LMIRTC1U" failures="0" tests="1" name="sample" time="0.015" errors="0" timestamp="2020-10-06T15:04:53 IST" skipped="0">
  <testcase classname="sample" name="example" time="0.015"/>
  <system-out/>
</testsuite> <!-- sample -->
